<?xml version="1.0" encoding="UTF-8"?>
<testsuite name="com.detroitlabs.LearnSomething.Repository.VideoRepositoryTest" tests="1" skipped="0" failures="0" errors="0" timestamp="2022-04-04T19:30:32" hostname="Amandas-MBP.hsd1.co.comcast.net" time="0.026">
  <properties/>
  <testcase name="shouldReturnRandomVideo()" classname="com.detroitlabs.LearnSomething.Repository.VideoRepositoryTest" time="0.026"/>
  <system-out><![CDATA[]]></system-out>
  <system-err><![CDATA[]]></system-err>
</testsuite>
